app/build/outputs/logs/manifest-merger-debug-report.txt
-- Merging decision tree log ---
manifest
ADDED from src\main\AndroidManifest.xml:2:1-232:12
	xmlns:android
		ADDED from src\main\AndroidManifest.xml:2:11-69
	package
		ADDED from src\main\AndroidManifest.xml:3:5-51
		INJECTED from src\main\AndroidManifest.xml
		INJECTED from src\main\AndroidManifest.xml
	android:versionName
		ADDED from src\main\AndroidManifest.xml:5:5-32
		INJECTED from src\main\AndroidManifest.xml
		INJECTED from src\main\AndroidManifest.xml
	android:versionCode
		ADDED from src\main\AndroidManifest.xml:4:5-29
		INJECTED from src\main\AndroidManifest.xml
		INJECTED from src\main\AndroidManifest.xml
uses-sdk
ADDED from src\main\AndroidManifest.xml:6:5-8:41
MERGED from [com.android.support:appcompat-v7:22.2.0] AndroidManifest.xml:20:5-43
MERGED from [com.android.support:support-v4:22.2.0] AndroidManifest.xml:20:5-43
MERGED from [LingXingDao_Android:pulltorefresh:unspecified] AndroidManifest.xml:7:5-9:40
	android:targetSdkVersion
		ADDED from src\main\AndroidManifest.xml:8:9-38
		INJECTED from src\main\AndroidManifest.xml
		INJECTED from src\main\AndroidManifest.xml
	android:minSdkVersion
		ADDED from src\main\AndroidManifest.xml:7:9-35
		INJECTED from src\main\AndroidManifest.xml
		INJECTED from src\main\AndroidManifest.xml
uses-permission#android.permission.INTERNET
ADDED from src\main\AndroidManifest.xml:10:5-67
	android:name
		ADDED from src\main\AndroidManifest.xml:10:22-64
uses-permission#android.permission.WRITE_EXTERNAL_STORAGE
ADDED from src\main\AndroidManifest.xml:11:5-81
	android:name
		ADDED from src\main\AndroidManifest.xml:11:22-78
uses-permission#android.permission.READ_EXTERNAL_STORAGE
ADDED from src\main\AndroidManifest.xml:12:5-80
	android:name
		ADDED from src\main\AndroidManifest.xml:12:22-77
uses-permission#android.permission.CAMERA
ADDED from src\main\AndroidManifest.xml:13:5-64
	android:name
		ADDED from src\main\AndroidManifest.xml:13:22-62
uses-permission#android.permission.ACCESS_NETWORK_STATE
ADDED from src\main\AndroidManifest.xml:14:5-78
	android:name
		ADDED from src\main\AndroidManifest.xml:14:22-76
uses-permission#android.permission.MODIFY_AUDIO_SETTINGS
ADDED from src\main\AndroidManifest.xml:16:5-79
	android:name
		ADDED from src\main\AndroidManifest.xml:16:22-77
uses-permission#android.permission.ACCESS_WIFI_STATE
ADDED from src\main\AndroidManifest.xml:18:5-76
	android:name
		ADDED from src\main\AndroidManifest.xml:18:22-73
uses-permission#android.permission.READ_PHONE_STATE
ADDED from src\main\AndroidManifest.xml:19:5-75
	android:name
		ADDED from src\main\AndroidManifest.xml:19:22-72
application
ADDED from src\main\AndroidManifest.xml:21:5-230:19
MERGED from [com.android.support:appcompat-v7:22.2.0] AndroidManifest.xml:22:5-20
MERGED from [com.android.support:support-v4:22.2.0] AndroidManifest.xml:22:5-20
MERGED from [LingXingDao_Android:pulltorefresh:unspecified] AndroidManifest.xml:11:5-20
	android:label
		ADDED from src\main\AndroidManifest.xml:26:9-41
	android:allowBackup
		ADDED from src\main\AndroidManifest.xml:23:9-35
	android:icon
		ADDED from src\main\AndroidManifest.xml:24:9-42
	android:theme
		ADDED from src\main\AndroidManifest.xml:27:9-40
	android:largeHeap
		ADDED from src\main\AndroidManifest.xml:25:9-33
	android:name
		ADDED from src\main\AndroidManifest.xml:22:9-64
activity#com.miracleworld.lingxingdao.android.activity.login.EnterActivity
ADDED from src\main\AndroidManifest.xml:28:9-37:20
	android:screenOrientation
		ADDED from src\main\AndroidManifest.xml:32:13-49
	android:label
		ADDED from src\main\AndroidManifest.xml:30:13-45
	android:configChanges
		ADDED from src\main\AndroidManifest.xml:31:13-63
	android:name
		ADDED from src\main\AndroidManifest.xml:29:13-57
intent-filter#android.intent.action.MAIN+android.intent.category.LAUNCHER
ADDED from src\main\AndroidManifest.xml:33:13-36:29
action#android.intent.action.MAIN
ADDED from src\main\AndroidManifest.xml:34:17-69
	android:name
		ADDED from src\main\AndroidManifest.xml:34:25-66
category#android.intent.category.LAUNCHER
ADDED from src\main\AndroidManifest.xml:35:17-77
	android:name
		ADDED from src\main\AndroidManifest.xml:35:27-74
activity#com.miracleworld.lingxingdao.android.activity.MainActivity
ADDED from src\main\AndroidManifest.xml:39:9-43:45
	android:screenOrientation
		ADDED from src\main\AndroidManifest.xml:42:13-49
	android:configChanges
		ADDED from src\main\AndroidManifest.xml:41:13-63
	android:name
		ADDED from src\main\AndroidManifest.xml:40:13-50
	android:launchMode
		ADDED from src\main\AndroidManifest.xml:43:13-43
activity#com.miracleworld.lingxingdao.android.activity.HomeDetailActivity
ADDED from src\main\AndroidManifest.xml:45:9-49:45
	android:screenOrientation
		ADDED from src\main\AndroidManifest.xml:48:13-49
	android:configChanges
		ADDED from src\main\AndroidManifest.xml:47:13-63
	android:name
		ADDED from src\main\AndroidManifest.xml:46:13-56
	android:launchMode
		ADDED from src\main\AndroidManifest.xml:49:13-43
activity#com.miracleworld.lingxingdao.android.activity.PlayActivity
ADDED from src\main\AndroidManifest.xml:52:9-55:45
	android:screenOrientation
		ADDED from src\main\AndroidManifest.xml:54:13-49
	android:configChanges
		ADDED from src\main\AndroidManifest.xml:53:13-63
	android:name
		ADDED from src\main\AndroidManifest.xml:52:19-56
	android:launchMode
		ADDED from src\main\AndroidManifest.xml:55:13-43
activity#com.miracleworld.lingxingdao.android.activity.SubscriptionActivity
ADDED from src\main\AndroidManifest.xml:57:9-60:45
	android:screenOrientation
		ADDED from src\main\AndroidManifest.xml:59:13-49
	android:configChanges
		ADDED from src\main\AndroidManifest.xml:58:13-63
	android:name
		ADDED from src\main\AndroidManifest.xml:57:19-64
	android:launchMode
		ADDED from src\main\AndroidManifest.xml:60:13-43
activity#com.miracleworld.lingxingdao.android.activity.ChannelDetailActivity
ADDED from src\main\AndroidManifest.xml:62:9-65:45
	android:screenOrientation
		ADDED from src\main\AndroidManifest.xml:64:13-49
	android:configChanges
		ADDED from src\main\AndroidManifest.xml:63:13-63
	android:name
		ADDED from src\main\AndroidManifest.xml:62:19-65
	android:launchMode
		ADDED from src\main\AndroidManifest.xml:65:13-43
activity#com.miracleworld.lingxingdao.android.activity.PayInterfaceActivity
ADDED from src\main\AndroidManifest.xml:67:9-70:45
	android:screenOrientation
		ADDED from src\main\AndroidManifest.xml:69:13-49
	android:configChanges
		ADDED from src\main\AndroidManifest.xml:68:13-63
	android:name
		ADDED from src\main\AndroidManifest.xml:67:19-64
	android:launchMode
		ADDED from src\main\AndroidManifest.xml:70:13-43
activity#com.miracleworld.lingxingdao.android.activity.ScheduleDetailActivity
ADDED from src\main\AndroidManifest.xml:72:9-75:45
	android:screenOrientation
		ADDED from src\main\AndroidManifest.xml:74:13-49
	android:configChanges
		ADDED from src\main\AndroidManifest.xml:73:13-63
	android:name
		ADDED from src\main\AndroidManifest.xml:72:19-66
	android:launchMode
		ADDED from src\main\AndroidManifest.xml:75:13-43
activity#com.miracleworld.lingxingdao.android.activity.ScraleActivity
ADDED from src\main\AndroidManifest.xml:77:9-80:45
	android:screenOrientation
		ADDED from src\main\AndroidManifest.xml:79:13-49
	android:configChanges
		ADDED from src\main\AndroidManifest.xml:78:13-63
	android:name
		ADDED from src\main\AndroidManifest.xml:77:19-58
	android:launchMode
		ADDED from src\main\AndroidManifest.xml:80:13-43
activity#com.miracleworld.lingxingdao.android.activity.ProvenceActivity
ADDED from src\main\AndroidManifest.xml:83:9-86:45
	android:screenOrientation
		ADDED from src\main\AndroidManifest.xml:85:13-49
	android:configChanges
		ADDED from src\main\AndroidManifest.xml:84:13-63
	android:name
		ADDED from src\main\AndroidManifest.xml:83:19-60
	android:launchMode
		ADDED from src\main\AndroidManifest.xml:86:13-43
activity#com.miracleworld.lingxingdao.android.activity.CityActivity
ADDED from src\main\AndroidManifest.xml:88:9-91:45
	android:screenOrientation
		ADDED from src\main\AndroidManifest.xml:90:13-49
	android:configChanges
		ADDED from src\main\AndroidManifest.xml:89:13-63
	android:name
		ADDED from src\main\AndroidManifest.xml:88:19-56
	android:launchMode
		ADDED from src\main\AndroidManifest.xml:91:13-43
activity#com.miracleworld.lingxingdao.android.activity.login.LoginActivity
ADDED from src\main\AndroidManifest.xml:93:9-97:45
	android:screenOrientation
		ADDED from src\main\AndroidManifest.xml:96:13-49
	android:configChanges
		ADDED from src\main\AndroidManifest.xml:95:13-63
	android:name
		ADDED from src\main\AndroidManifest.xml:94:13-57
	android:launchMode
		ADDED from src\main\AndroidManifest.xml:97:13-43
activity#com.miracleworld.lingxingdao.android.activity.login.ForgetActivity
ADDED from src\main\AndroidManifest.xml:99:9-103:45
	android:screenOrientation
		ADDED from src\main\AndroidManifest.xml:102:13-49
	android:configChanges
		ADDED from src\main\AndroidManifest.xml:101:13-63
	android:name
		ADDED from src\main\AndroidManifest.xml:100:13-58
	android:launchMode
		ADDED from src\main\AndroidManifest.xml:103:13-43
activity#com.miracleworld.lingxingdao.android.activity.login.RegistActivity
ADDED from src\main\AndroidManifest.xml:105:9-109:45
	android:screenOrientation
		ADDED from src\main\AndroidManifest.xml:108:13-49
	android:configChanges
		ADDED from src\main\AndroidManifest.xml:107:13-63
	android:name
		ADDED from src\main\AndroidManifest.xml:106:13-58
	android:launchMode
		ADDED from src\main\AndroidManifest.xml:109:13-43
activity#com.miracleworld.lingxingdao.android.activity.personal.MyPersonalDataActivity
ADDED from src\main\AndroidManifest.xml:111:9-115:45
	android:screenOrientation
		ADDED from src\main\AndroidManifest.xml:114:13-49
	android:configChanges
		ADDED from src\main\AndroidManifest.xml:113:13-63
	android:name
		ADDED from src\main\AndroidManifest.xml:112:13-69
	android:launchMode
		ADDED from src\main\AndroidManifest.xml:115:13-43
activity#com.miracleworld.lingxingdao.android.activity.my.MyPersonEditActivity
ADDED from src\main\AndroidManifest.xml:117:9-121:45
	android:screenOrientation
		ADDED from src\main\AndroidManifest.xml:120:13-49
	android:configChanges
		ADDED from src\main\AndroidManifest.xml:119:13-63
	android:name
		ADDED from src\main\AndroidManifest.xml:118:13-61
	android:launchMode
		ADDED from src\main\AndroidManifest.xml:121:13-43
activity#com.miracleworld.lingxingdao.android.activity.my.MyUserNameEditActivity
ADDED from src\main\AndroidManifest.xml:123:9-127:45
	android:screenOrientation
		ADDED from src\main\AndroidManifest.xml:126:13-49
	android:configChanges
		ADDED from src\main\AndroidManifest.xml:125:13-63
	android:name
		ADDED from src\main\AndroidManifest.xml:124:13-63
	android:launchMode
		ADDED from src\main\AndroidManifest.xml:127:13-43
activity#com.miracleworld.lingxingdao.android.activity.my.MyNickNameEditActivity
ADDED from src\main\AndroidManifest.xml:129:9-133:45
	android:screenOrientation
		ADDED from src\main\AndroidManifest.xml:132:13-49
	android:configChanges
		ADDED from src\main\AndroidManifest.xml:131:13-63
	android:name
		ADDED from src\main\AndroidManifest.xml:130:13-63
	android:launchMode
		ADDED from src\main\AndroidManifest.xml:133:13-43
activity#com.miracleworld.lingxingdao.android.wxapi.WXPayEntryActivity
ADDED from src\main\AndroidManifest.xml:136:9-141:15
	android:screenOrientation
		ADDED from src\main\AndroidManifest.xml:138:13-49
	android:configChanges
		ADDED from src\main\AndroidManifest.xml:137:13-63
	android:exported
		ADDED from src\main\AndroidManifest.xml:139:13-36
	android:name
		ADDED from src\main\AndroidManifest.xml:136:19-59
	android:launchMode
		ADDED from src\main\AndroidManifest.xml:140:13-43
activity#com.miracleworld.lingxingdao.android.activity.pay.HistoryForPayActivity
ADDED from src\main\AndroidManifest.xml:143:9-146:45
	android:screenOrientation
		ADDED from src\main\AndroidManifest.xml:145:13-49
	android:configChanges
		ADDED from src\main\AndroidManifest.xml:144:13-63
	android:name
		ADDED from src\main\AndroidManifest.xml:143:19-69
	android:launchMode
		ADDED from src\main\AndroidManifest.xml:146:13-43
activity#com.miracleworld.lingxingdao.android.activity.DetailofHistoryTicketActivity
ADDED from src\main\AndroidManifest.xml:147:9-151:15
	android:screenOrientation
		ADDED from src\main\AndroidManifest.xml:149:13-49
	android:configChanges
		ADDED from src\main\AndroidManifest.xml:148:13-63
	android:name
		ADDED from src\main\AndroidManifest.xml:147:19-73
	android:launchMode
		ADDED from src\main\AndroidManifest.xml:150:13-43
activity#com.miracleworld.lingxingdao.android.activity.ManageSubscribeActivity
ADDED from src\main\AndroidManifest.xml:153:9-156:45
	android:screenOrientation
		ADDED from src\main\AndroidManifest.xml:155:13-49
	android:configChanges
		ADDED from src\main\AndroidManifest.xml:154:13-63
	android:name
		ADDED from src\main\AndroidManifest.xml:153:19-67
	android:launchMode
		ADDED from src\main\AndroidManifest.xml:156:13-43
activity#com.miracleworld.lingxingdao.android.activity.CropActivity
ADDED from src\main\AndroidManifest.xml:158:9-162:45
	android:screenOrientation
		ADDED from src\main\AndroidManifest.xml:161:13-49
	android:configChanges
		ADDED from src\main\AndroidManifest.xml:160:13-63
	android:name
		ADDED from src\main\AndroidManifest.xml:159:13-50
	android:launchMode
		ADDED from src\main\AndroidManifest.xml:162:13-43
receiver#com.miracleworld.lingxingdao.android.receive.AppRegist
ADDED from src\main\AndroidManifest.xml:165:9-170:20
	android:name
		ADDED from src\main\AndroidManifest.xml:166:13-46
intent-filter#com.tencent.mm.plugin.openapi.Intent.ACTION_REFRESH_WXAPP
ADDED from src\main\AndroidManifest.xml:167:13-169:29
action#com.tencent.mm.plugin.openapi.Intent.ACTION_REFRESH_WXAPP
ADDED from src\main\AndroidManifest.xml:168:17-100
	android:name
		ADDED from src\main\AndroidManifest.xml:168:25-97
activity#com.alipay.sdk.app.H5PayActivity
ADDED from src\main\AndroidManifest.xml:172:9-178:20
	android:windowSoftInputMode
		ADDED from src\main\AndroidManifest.xml:177:13-67
	android:screenOrientation
		ADDED from src\main\AndroidManifest.xml:176:13-47
	android:configChanges
		ADDED from src\main\AndroidManifest.xml:174:13-85
	android:exported
		ADDED from src\main\AndroidManifest.xml:175:13-37
	android:name
		ADDED from src\main\AndroidManifest.xml:173:13-60
activity#com.miracleworld.lingxingdao.android.activity.ChannelActivity
ADDED from src\main\AndroidManifest.xml:180:9-183:45
	android:screenOrientation
		ADDED from src\main\AndroidManifest.xml:182:13-49
	android:configChanges
		ADDED from src\main\AndroidManifest.xml:181:13-63
	android:name
		ADDED from src\main\AndroidManifest.xml:180:19-59
	android:launchMode
		ADDED from src\main\AndroidManifest.xml:183:13-43
activity#com.miracleworld.lingxingdao.android.activity.ChannelActivity2
ADDED from src\main\AndroidManifest.xml:185:9-188:45
	android:screenOrientation
		ADDED from src\main\AndroidManifest.xml:187:13-49
	android:configChanges
		ADDED from src\main\AndroidManifest.xml:186:13-63
	android:name
		ADDED from src\main\AndroidManifest.xml:185:19-60
	android:launchMode
		ADDED from src\main\AndroidManifest.xml:188:13-43
activity#com.miracleworld.lingxingdao.android.activity.PayWriteActivity
ADDED from src\main\AndroidManifest.xml:190:9-193:45
	android:screenOrientation
		ADDED from src\main\AndroidManifest.xml:192:13-49
	android:configChanges
		ADDED from src\main\AndroidManifest.xml:191:13-63
	android:name
		ADDED from src\main\AndroidManifest.xml:190:19-60
	android:launchMode
		ADDED from src\main\AndroidManifest.xml:193:13-43
activity#com.miracleworld.lingxingdao.android.activity.CustomerActivity
ADDED from src\main\AndroidManifest.xml:195:9-198:45
	android:screenOrientation
		ADDED from src\main\AndroidManifest.xml:197:13-49
	android:configChanges
		ADDED from src\main\AndroidManifest.xml:196:13-63
	android:name
		ADDED from src\main\AndroidManifest.xml:195:19-60
	android:launchMode
		ADDED from src\main\AndroidManifest.xml:198:13-43
activity#com.miracleworld.lingxingdao.android.activity.AddCustomerActivity
ADDED from src\main\AndroidManifest.xml:200:9-203:45
	android:screenOrientation
		ADDED from src\main\AndroidManifest.xml:202:13-49
	android:configChanges
		ADDED from src\main\AndroidManifest.xml:201:13-63
	android:name
		ADDED from src\main\AndroidManifest.xml:200:19-63
	android:launchMode
		ADDED from src\main\AndroidManifest.xml:203:13-43
activity#com.miracleworld.lingxingdao.android.activity.pay.TicketForPayActivity
ADDED from src\main\AndroidManifest.xml:205:9-214:20
	android:screenOrientation
		ADDED from src\main\AndroidManifest.xml:207:13-49
	android:configChanges
		ADDED from src\main\AndroidManifest.xml:206:13-63
	android:name
		ADDED from src\main\AndroidManifest.xml:205:19-68
	android:launchMode
		ADDED from src\main\AndroidManifest.xml:208:13-43
intent-filter#ANDROID.INTENT.CATEGORY.DEFAULT+android.intent.action.VIEW
ADDED from src\main\AndroidManifest.xml:209:13-213:29
action#android.intent.action.VIEW
ADDED from src\main\AndroidManifest.xml:210:17-68
	android:name
		ADDED from src\main\AndroidManifest.xml:210:25-66
category#ANDROID.INTENT.CATEGORY.DEFAULT
ADDED from src\main\AndroidManifest.xml:211:17-75
	android:name
		ADDED from src\main\AndroidManifest.xml:211:27-73
data
ADDED from src\main\AndroidManifest.xml:212:17-60
	android:scheme
		ADDED from src\main\AndroidManifest.xml:212:23-58
activity#com.miracleworld.lingxingdao.android.activity.pay.SubscribeForPayActivity
ADDED from src\main\AndroidManifest.xml:218:9-227:20
	android:screenOrientation
		ADDED from src\main\AndroidManifest.xml:220:13-49
	android:configChanges
		ADDED from src\main\AndroidManifest.xml:219:13-63
	android:name
		ADDED from src\main\AndroidManifest.xml:218:19-71
	android:launchMode
		ADDED from src\main\AndroidManifest.xml:221:13-43